<?xml version="1.0" encoding="UTF-8"?>
<testng-results skipped="0" failed="0" total="1" passed="1">
  <reporter-output>
  </reporter-output>
  <suite name="Default suite" duration-ms="31136" started-at="2016-08-07T06:31:24Z" finished-at="2016-08-07T06:31:55Z">
    <groups>
    </groups>
    <test name="Default test" duration-ms="31136" started-at="2016-08-07T06:31:24Z" finished-at="2016-08-07T06:31:55Z">
      <class name="MyFruits.property1">
        <test-method status="PASS" signature="bundle()[pri:0, instance:MyFruits.property1@58d674a1]" name="bundle" duration-ms="31076" started-at="2016-08-07T12:01:24Z" finished-at="2016-08-07T12:01:55Z">
          <reporter-output>
          </reporter-output>
        </test-method> <!-- bundle -->
      </class> <!-- MyFruits.property1 -->
    </test> <!-- Default test -->
  </suite> <!-- Default suite -->
</testng-results>
